# JRE version: Java(TM) SE Runtime Environment (17.0.10+11) (build 17.0.10+11-LTS-240)
# Java VM: Java HotSpot(TM) 64-Bit Server VM (17.0.10+11-LTS-240, mixed mode, sharing, tiered, compressed oops, compressed class ptrs, g1 gc, windows-amd64)
GC Precious Log:
 CPUs: 8 total, 8 available
 Memory: 7959M
 Large Page Support: Disabled
 NUMA Support: Disabled
 Compressed Oops: Enabled (32-bit)
 Heap Region Size: 1M
 Heap Min Capacity: 8M
 Heap Initial Capacity: 126M
 Heap Max Capacity: 1990M
 Pre-touch: Disabled
 Parallel Workers: 8
 Concurrent Workers: 2
 Concurrent Refinement Workers: 8
 Periodic GC: Disabled
Heap:
 garbage-first heap   total 73728K, used 39384K [0x0000000083a00000, 0x0000000100000000)
  region size 1024K, 1 young (1024K), 1 survivors (1024K)
 Metaspace       used 76340K, committed 76992K, reserved 1179648K
  class space    used 10756K, committed 11072K, reserved 1048576K
GC Heap History (20 events):
Event: 18.179 GC heap after
{Heap after GC invocations=18 (full 0):
 garbage-first heap   total 55296K, used 26340K [0x0000000083a00000, 0x0000000100000000)
  region size 1024K, 2 young (2048K), 2 survivors (2048K)
 Metaspace       used 61799K, committed 62336K, reserved 1114112K
  class space    used 8625K, committed 8896K, reserved 1048576K
}
Event: 18.397 GC heap before
{Heap before GC invocations=18 (full 0):
 garbage-first heap   total 55296K, used 43748K [0x0000000083a00000, 0x0000000100000000)
  region size 1024K, 19 young (19456K), 2 survivors (2048K)
 Metaspace       used 63452K, committed 64064K, reserved 1114112K
  class space    used 8977K, committed 9280K, reserved 1048576K
}
Event: 18.399 GC heap after
{Heap after GC invocations=19 (full 0):
 garbage-first heap   total 55296K, used 27087K [0x0000000083a00000, 0x0000000100000000)
  region size 1024K, 3 young (3072K), 3 survivors (3072K)
 Metaspace       used 63452K, committed 64064K, reserved 1114112K
  class space    used 8977K, committed 9280K, reserved 1048576K
}
Event: 18.529 GC heap before
{Heap before GC invocations=20 (full 0):
 garbage-first heap   total 55296K, used 42447K [0x0000000083a00000, 0x0000000100000000)
  region size 1024K, 19 young (19456K), 3 survivors (3072K)
 Metaspace       used 63635K, committed 64192K, reserved 1114112K
  class space    used 9010K, committed 9280K, reserved 1048576K
}
Event: 18.534 GC heap after
{Heap after GC invocations=21 (full 0):
 garbage-first heap   total 55296K, used 33119K [0x0000000083a00000, 0x0000000100000000)
  region size 1024K, 3 young (3072K), 3 survivors (3072K)
 Metaspace       used 63635K, committed 64192K, reserved 1114112K
  class space    used 9010K, committed 9280K, reserved 1048576K
}
Event: 18.586 GC heap before
{Heap before GC invocations=21 (full 0):
 garbage-first heap   total 55296K, used 42335K [0x0000000083a00000, 0x0000000100000000)
  region size 1024K, 12 young (12288K), 3 survivors (3072K)
 Metaspace       used 63637K, committed 64192K, reserved 1114112K
  class space    used 9010K, committed 9280K, reserved 1048576K
}
Event: 18.589 GC heap after
{Heap after GC invocations=22 (full 0):
 garbage-first heap   total 55296K, used 34490K [0x0000000083a00000, 0x0000000100000000)
  region size 1024K, 2 young (2048K), 2 survivors (2048K)
 Metaspace       used 63637K, committed 64192K, reserved 1114112K
  class space    used 9010K, committed 9280K, reserved 1048576K
}
Event: 18.641 GC heap before
{Heap before GC invocations=23 (full 0):
 garbage-first heap   total 68608K, used 42682K [0x0000000083a00000, 0x0000000100000000)
  region size 1024K, 10 young (10240K), 2 survivors (2048K)
 Metaspace       used 63643K, committed 64192K, reserved 1114112K
  class space    used 9010K, committed 9280K, reserved 1048576K
}
Event: 18.643 GC heap after
{Heap after GC invocations=24 (full 0):
 garbage-first heap   total 68608K, used 34570K [0x0000000083a00000, 0x0000000100000000)
  region size 1024K, 2 young (2048K), 2 survivors (2048K)
 Metaspace       used 63643K, committed 64192K, reserved 1114112K
  class space    used 9010K, committed 9280K, reserved 1048576K
}
Event: 18.775 GC heap before
{Heap before GC invocations=24 (full 0):
 garbage-first heap   total 68608K, used 50954K [0x0000000083a00000, 0x0000000100000000)
  region size 1024K, 18 young (18432K), 2 survivors (2048K)
 Metaspace       used 63652K, committed 64192K, reserved 1114112K
  class space    used 9010K, committed 9280K, reserved 1048576K
}
Event: 18.777 GC heap after
{Heap after GC invocations=25 (full 0):
 garbage-first heap   total 68608K, used 34745K [0x0000000083a00000, 0x0000000100000000)
  region size 1024K, 2 young (2048K), 2 survivors (2048K)
 Metaspace       used 63652K, committed 64192K, reserved 1114112K
  class space    used 9010K, committed 9280K, reserved 1048576K
}
Event: 19.399 GC heap before
{Heap before GC invocations=26 (full 0):
 garbage-first heap   total 68608K, used 51129K [0x0000000083a00000, 0x0000000100000000)
  region size 1024K, 19 young (19456K), 2 survivors (2048K)
 Metaspace       used 66397K, committed 67008K, reserved 1114112K
  class space    used 9443K, committed 9728K, reserved 1048576K
}
Event: 19.402 GC heap after
{Heap after GC invocations=27 (full 0):
 garbage-first heap   total 68608K, used 35630K [0x0000000083a00000, 0x0000000100000000)
  region size 1024K, 3 young (3072K), 3 survivors (3072K)
 Metaspace       used 66397K, committed 67008K, reserved 1114112K
  class space    used 9443K, committed 9728K, reserved 1048576K
}
Event: 19.803 GC heap before
{Heap before GC invocations=27 (full 0):
 garbage-first heap   total 68608K, used 53038K [0x0000000083a00000, 0x0000000100000000)
  region size 1024K, 20 young (20480K), 3 survivors (3072K)
 Metaspace       used 68965K, committed 69504K, reserved 1114112K
  class space    used 9772K, committed 10048K, reserved 1048576K
}
Event: 19.807 GC heap after
{Heap after GC invocations=28 (full 0):
 garbage-first heap   total 68608K, used 37404K [0x0000000083a00000, 0x0000000100000000)
  region size 1024K, 3 young (3072K), 3 survivors (3072K)
 Metaspace       used 68965K, committed 69504K, reserved 1114112K
  class space    used 9772K, committed 10048K, reserved 1048576K
}
Event: 20.535 GC heap before
{Heap before GC invocations=29 (full 0):
 garbage-first heap   total 68608K, used 54812K [0x0000000083a00000, 0x0000000100000000)
  region size 1024K, 20 young (20480K), 3 survivors (3072K)
 Metaspace       used 72190K, committed 72768K, reserved 1114112K
  class space    used 10206K, committed 10432K, reserved 1048576K
}
Event: 20.540 GC heap after
{Heap after GC invocations=30 (full 0):
 garbage-first heap   total 68608K, used 38885K [0x0000000083a00000, 0x0000000100000000)
  region size 1024K, 2 young (2048K), 2 survivors (2048K)
 Metaspace       used 72190K, committed 72768K, reserved 1114112K
  class space    used 10206K, committed 10432K, reserved 1048576K
}
Event: 20.559 GC heap before
{Heap before GC invocations=30 (full 0):
 garbage-first heap   total 68608K, used 38885K [0x0000000083a00000, 0x0000000100000000)
  region size 1024K, 3 young (3072K), 2 survivors (2048K)
 Metaspace       used 72401K, committed 72960K, reserved 1114112K
  class space    used 10229K, committed 10496K, reserved 1048576K
}
Event: 20.561 GC heap after
{Heap after GC invocations=31 (full 0):
 garbage-first heap   total 68608K, used 38850K [0x0000000083a00000, 0x0000000100000000)
  region size 1024K, 1 young (1024K), 1 survivors (1024K)
 Metaspace       used 72401K, committed 72960K, reserved 1114112K
  class space    used 10229K, committed 10496K, reserved 1048576K
}
Event: 37.725 GC heap before
{Heap before GC invocations=31 (full 0):
 garbage-first heap   total 68608K, used 53186K [0x0000000083a00000, 0x0000000100000000)
  region size 1024K, 16 young (16384K), 1 survivors (1024K)
 Metaspace       used 76340K, committed 76992K, reserved 1179648K
  class space    used 10756K, committed 11072K, reserved 1048576K
}

